<?xml version="1.0" encoding="UTF-8"?>
<testsuite name="org.azuqua.android.api.ExampleUnitTest" tests="1" skipped="0" failures="0" errors="0" timestamp="2015-12-04T10:17:53" hostname="SASiDHAR" time="0.002">
  <properties/>
  <testcase name="addition_isCorrect" classname="org.azuqua.android.api.ExampleUnitTest" time="0.002"/>
  <system-out><![CDATA[]]></system-out>
  <system-err><![CDATA[]]></system-err>
</testsuite>
